[2025-10-16 01:16:04] [32minfo[39m: POST /api/ocr/upload
[2025-10-16 01:19:14] [32minfo[39m: POST /api/ocr/upload
[2025-10-16 01:20:51] [32minfo[39m: POST /api/ocr/upload
[2025-10-16 01:23:36] [32minfo[39m: POST /api/parking/pay
[2025-10-16 01:25:45] [32minfo[39m: POST /api/parking/pay
[2025-10-16 01:30:44] [32minfo[39m: POST /api/parking/pay
[2025-10-16 01:35:00] [32minfo[39m: POST /api/parking/pay
[2025-10-16 01:35:05] [32minfo[39m: POST /api/parking/pay
[2025-10-16 01:35:06] [32minfo[39m: POST /api/parking/pay
[2025-10-16 01:35:07] [32minfo[39m: POST /api/parking/pay
[2025-10-16 01:35:07] [32minfo[39m: POST /api/parking/pay
[2025-10-16 01:35:08] [32minfo[39m: POST /api/parking/pay
[2025-10-16 01:38:53] [32minfo[39m: POST /api/parking/pay
[2025-10-16 01:38:58] [32minfo[39m: POST /api/parking/pay
[2025-10-16 01:38:59] [32minfo[39m: POST /api/parking/pay
[2025-10-16 01:39:00] [32minfo[39m: POST /api/parking/pay
[2025-10-16 01:42:24] [32minfo[39m: POST /api/parking/pay
[2025-10-16 01:42:24] [31merror[39m: ❌ Error en registerPayment: ParkingSessionRepository.findActiveSession is not a function
[2025-10-16 01:42:24] [31merror[39m: next is not a function - POST /api/parking/pay
[2025-10-16 01:47:58] [32minfo[39m: POST /api/parking/pay
[2025-10-16 01:47:59] [31merror[39m: ❌ Error en registerPayment: PaymentRepository.registerPayment is not a function
[2025-10-16 01:47:59] [31merror[39m: PaymentRepository.registerPayment is not a function - POST /api/parking/pay
[2025-10-16 01:49:29] [32minfo[39m: POST /api/parking/pay
[2025-10-16 01:49:29] [31merror[39m: ❌ Error en registerPayment: Data truncated for column 'payment_status' at row 1
[2025-10-16 01:49:29] [31merror[39m: Data truncated for column 'payment_status' at row 1 - POST /api/parking/pay
